<?xml version="1.0" encoding="UTF-8"?>
<testng-results ignored="0" total="1" passed="1" failed="0" skipped="0">
  <reporter-output>
  </reporter-output>
  <suite started-at="2026-08-12T16:41:18 BST" name="Surefire suite" finished-at="2026-08-12T16:41:19 BST" duration-ms="1464">
    <groups>
      <group name="cucumber">
        <method signature="AbstractTestNGCucumberTests.runScenario(io.cucumber.testng.PickleWrapper,io.cucumber.testng.FeatureWrapper)[pri:0, instance:com.netcompany.runner.TestRunner@65d6b83b]" name="runScenario" class="io.cucumber.testng.AbstractTestNGCucumberTests"/>
      </group> <!-- cucumber -->
    </groups>
    <test started-at="2026-08-12T16:41:18 BST" name="Surefire test" finished-at="2026-08-12T16:41:19 BST" duration-ms="1464">
      <class name="com.netcompany.runner.TestRunner">
        <test-method is-config="true" signature="setUpClass(org.testng.ITestContext)[pri:0, instance:com.netcompany.runner.TestRunner@65d6b83b]" started-at="2026-08-12T16:41:18 BST" name="setUpClass" finished-at="2026-08-12T16:41:18 BST" duration-ms="188" status="PASS">
          <params>
            <param index="0">
              <value>
                <![CDATA[org.testng.TestRunner@7fbd3e75]]>
              </value>
            </param>
          </params>
          <reporter-output>
          </reporter-output>
        </test-method> <!-- setUpClass -->
        <test-method signature="runScenario(io.cucumber.testng.PickleWrapper,io.cucumber.testng.FeatureWrapper)[pri:0, instance:com.netcompany.runner.TestRunner@65d6b83b]" started-at="2026-08-12T16:41:18 BST" name="runScenario" description="Runs Cucumber Scenarios" data-provider="scenarios" finished-at="2026-08-12T16:41:19 BST" duration-ms="562" status="PASS">
          <params>
            <param index="0">
              <value>
                <![CDATA["Verify the GET request for thread"]]>
              </value>
            </param>
            <param index="1">
              <value>
                <![CDATA["Thread get Page"]]>
              </value>
            </param>
          </params>
          <reporter-output>
          </reporter-output>
        </test-method> <!-- runScenario -->
        <test-method is-config="true" signature="tearDownClass()[pri:0, instance:com.netcompany.runner.TestRunner@65d6b83b]" started-at="2026-08-12T16:41:19 BST" name="tearDownClass" finished-at="2026-08-12T16:41:19 BST" duration-ms="701" status="PASS">
          <reporter-output>
          </reporter-output>
        </test-method> <!-- tearDownClass -->
      </class> <!-- com.netcompany.runner.TestRunner -->
    </test> <!-- Surefire test -->
  </suite> <!-- Surefire suite -->
</testng-results>
