<?xml version="1.0" encoding="UTF-8"?>
<testsuite xmlns:xsi="http://www.w3.org/2001/XMLSchema-instance" xsi:noNamespaceSchemaLocation="https://maven.apache.org/surefire/maven-surefire-plugin/xsd/surefire-test-report.xsd" version="3.0.2" name="TestSuite" time="1.667" tests="1" errors="0" skipped="0" failures="0">
  <properties>
[...]
</properties>
  <testcase name="runScenario[&quot;Verify the GET request for thread&quot;, &quot;Thread get Page&quot;](1)" classname="com.netcompany.runner.TestRunner" time="0.563">
    <system-out><![CDATA[
@test @thread
&amp#27;[1mScenario Outline:&amp#27;[22m Verify the GET request for thread                   &amp#27;[90m# src/test/resources/features/ThreadGet.feature:11&amp#27;[39m
GET URL: http://127.0.0.1:8080/v1/dummy/1
Response Code: 200
  &amp#27;[32m✔&amp#27;[39m &amp#27;[32m&amp#27;[1mGiven &amp#27;[22mI make a get api call to &amp#27;[1m"http://127.0.0.1:8080/v1/dummy/1"&amp#27;[22m&amp#27;[39m &amp#27;[90m# com.netcompany.steps.ThreadGetSteps.iMakeAGetApiCallTo(java.lang.String)&amp#27;[39m
  &amp#27;[32m✔&amp#27;[39m &amp#27;[32m&amp#27;[1mThen &amp#27;[22mI verify the response code is &amp#27;[1m"200"&amp#27;[22m&amp#27;[39m                          &amp#27;[90m# com.netcompany.steps.ThreadGetSteps.iVerifyTheResponseCodeIs(java.lang.String)&amp#27;[39m
]]></system-out>
    <system-err><![CDATA[SLF4J(W): No SLF4J providers were found.
SLF4J(W): Defaulting to no-operation (NOP) logger implementation
SLF4J(W): See https://www.slf4j.org/codes.html#noProviders for further details.
]]></system-err>
  </testcase>
</testsuite>